<?xml version="1.0" encoding="UTF-8"?>
<coverage generated="1718018033271" clover="3.2.0">
  <project timestamp="1718018033272" name="All files">
    <metrics statements="12" coveredstatements="12" conditionals="10" coveredconditionals="10" methods="1" coveredmethods="1" elements="23" coveredelements="23" complexity="0" loc="12" ncloc="12" packages="1" files="1" classes="1"/>
    <file name="no1.js" path="D:\Course\FSJS\file requirement job\Altech Omega Andalan\test1-altech\no1.js">
      <metrics statements="12" coveredstatements="12" conditionals="10" coveredconditionals="10" methods="1" coveredmethods="1"/>
      <line num="8" count="1" type="stmt"/>
      <line num="10" count="2" type="stmt"/>
      <line num="12" count="2" type="stmt"/>
      <line num="14" count="30" type="stmt"/>
      <line num="17" count="30" type="cond" truecount="2" falsecount="0"/>
      <line num="20" count="30" type="cond" truecount="2" falsecount="0"/>
      <line num="22" count="30" type="cond" truecount="2" falsecount="0"/>
      <line num="25" count="30" type="cond" truecount="2" falsecount="0"/>
      <line num="26" count="30" type="stmt"/>
      <line num="28" count="2" type="stmt"/>
      <line num="31" count="1" type="stmt"/>
      <line num="33" count="1" type="stmt"/>
    </file>
  </project>
</coverage>
