{"D:\\Course\\FSJS\\file requirement job\\Altech Omega Andalan\\test1-altech\\no1.js": {"path":"D:\\Course\\FSJS\\file requirement job\\Altech Omega Andalan\\test1-altech\\no1.js","statementMap":{"0":{"start":{"line":8,"column":12},"end":{"line":29,"column":1}},"1":{"start":{"line":10,"column":15},"end":{"line":10,"column":17}},"2":{"start":{"line":12,"column":2},"end":{"line":27,"column":3}},"3":{"start":{"line":12,"column":15},"end":{"line":12,"column":16}},"4":{"start":{"line":14,"column":20},"end":{"line":14,"column":22}},"5":{"start":{"line":17,"column":4},"end":{"line":17,"column":40}},"6":{"start":{"line":20,"column":4},"end":{"line":21,"column":77}},"7":{"start":{"line":22,"column":4},"end":{"line":22,"column":44}},"8":{"start":{"line":25,"column":4},"end":{"line":25,"column":35}},"9":{"start":{"line":26,"column":4},"end":{"line":26,"column":24}},"10":{"start":{"line":28,"column":2},"end":{"line":28,"column":16}},"11":{"start":{"line":31,"column":0},"end":{"line":31,"column":21}},"12":{"start":{"line":33,"column":0},"end":{"line":33,"column":21}}},"fnMap":{"0":{"name":"(anonymous_0)","decl":{"start":{"line":8,"column":12},"end":{"line":8,"column":13}},"loc":{"start":{"line":8,"column":21},"end":{"line":29,"column":1}},"line":8}},"branchMap":{"0":{"loc":{"start":{"line":17,"column":4},"end":{"line":17,"column":39}},"type":"binary-expr","locations":[{"start":{"line":17,"column":4},"end":{"line":17,"column":14}},{"start":{"line":17,"column":19},"end":{"line":17,"column":38}}],"line":17},"1":{"loc":{"start":{"line":20,"column":4},"end":{"line":21,"column":76}},"type":"binary-expr","locations":[{"start":{"line":20,"column":4},"end":{"line":20,"column":14}},{"start":{"line":21,"column":7},"end":{"line":21,"column":75}}],"line":20},"2":{"loc":{"start":{"line":21,"column":7},"end":{"line":21,"column":75}},"type":"cond-expr","locations":[{"start":{"line":21,"column":30},"end":{"line":21,"column":50}},{"start":{"line":21,"column":55},"end":{"line":21,"column":74}}],"line":21},"3":{"loc":{"start":{"line":22,"column":4},"end":{"line":22,"column":43}},"type":"cond-expr","locations":[{"start":{"line":22,"column":23},"end":{"line":22,"column":37}},{"start":{"line":22,"column":41},"end":{"line":22,"column":43}}],"line":22},"4":{"loc":{"start":{"line":25,"column":4},"end":{"line":25,"column":34}},"type":"binary-expr","locations":[{"start":{"line":25,"column":4},"end":{"line":25,"column":11}},{"start":{"line":25,"column":16},"end":{"line":25,"column":33}}],"line":25}},"s":{"0":1,"1":2,"2":2,"3":2,"4":30,"5":30,"6":30,"7":30,"8":30,"9":30,"10":2,"11":1,"12":1},"f":{"0":2},"b":{"0":[30,10],"1":[30,6],"2":[2,4],"3":[16,14],"4":[30,28]},"_coverageSchema":"1a1c01bbd47fc00a2c39e90264f33305004495a9","hash":"618537c6c60e2baa2e068a916fb4fd60230450c0"}
}
